Started at Sun Apr 26 15:20:04 UTC 2020
Processing Hello World
Offering Hello World to Project Build Discarder
Processing parameter-name
Offering parameter-name to Project Build Discarder
Processing remote-task
Offering remote-task to Project Build Discarder
Finished at Sun Apr 26 15:20:04 UTC 2020. 23ms
Started at Sun Apr 26 22:19:27 UTC 2020
Processing Hello World
Offering Hello World to Project Build Discarder
Processing parameter-name
Offering parameter-name to Project Build Discarder
Processing remote-task
Offering remote-task to Project Build Discarder
Finished at Sun Apr 26 22:19:27 UTC 2020. 8ms
Started at Sun Apr 26 23:19:27 UTC 2020
Processing BACKUP-TO-AWS
Offering BACKUP-TO-AWS to Project Build Discarder
Processing Hello World
Offering Hello World to Project Build Discarder
Processing parameter-name
Offering parameter-name to Project Build Discarder
Processing remote-task
Offering remote-task to Project Build Discarder
Finished at Sun Apr 26 23:19:27 UTC 2020. 9ms
